# JRE version: Java(TM) SE Runtime Environment (8.0_60-b27) (build 1.8.0_60-b27)
# Java VM: Java HotSpot(TM) Server VM (25.60-b23 mixed mode linux-x86 )
Heap:
 PSYoungGen      total 305920K, used 252114K [0x98cc0000, 0xae200000, 0xae200000)
  eden space 262400K, 96% used [0x98cc0000,0xa82f48e0,0xa8d00000)
  from space 43520K, 0% used [0xa8d00000,0xa8d00000,0xab780000)
  to   space 43520K, 0% used [0xab780000,0xab780000,0xae200000)
 ParOldGen       total 699136K, used 8732K [0x6e200000, 0x98cc0000, 0x98cc0000)
  object space 699136K, 1% used [0x6e200000,0x6ea872d0,0x98cc0000)
 Metaspace       used 35626K, capacity 35949K, committed 35968K, reserved 36144K
GC Heap History (10 events):
Event: 9,275 GC heap before
{Heap before GC invocations=2 (full 1):
 PSYoungGen      total 305920K, used 19913K [0x98cc0000, 0xae200000, 0xae200000)
  eden space 262400K, 0% used [0x98cc0000,0x98cc0000,0xa8d00000)
  from space 43520K, 45% used [0xa8d00000,0xaa072540,0xab780000)
  to   space 43520K, 0% used [0xab780000,0xab780000,0xae200000)
 ParOldGen       total 699136K, used 12K [0x6e200000, 0x98cc0000, 0x98cc0000)
  object space 699136K, 0% used [0x6e200000,0x6e203000,0x98cc0000)
 Metaspace       used 16117K, capacity 16344K, committed 16384K, reserved 16688K
Event: 9,510 GC heap after
Heap after GC invocations=2 (full 1):
 PSYoungGen      total 305920K, used 0K [0x98cc0000, 0xae200000, 0xae200000)
  eden space 262400K, 0% used [0x98cc0000,0x98cc0000,0xa8d00000)
  from space 43520K, 0% used [0xa8d00000,0xa8d00000,0xab780000)
  to   space 43520K, 0% used [0xab780000,0xab780000,0xae200000)
 ParOldGen       total 699136K, used 19061K [0x6e200000, 0x98cc0000, 0x98cc0000)
  object space 699136K, 2% used [0x6e200000,0x6f49d688,0x98cc0000)
 Metaspace       used 16117K, capacity 16344K, committed 16384K, reserved 16688K
}
Event: 19,036 GC heap before
{Heap before GC invocations=3 (full 1):
 PSYoungGen      total 305920K, used 166472K [0x98cc0000, 0xae200000, 0xae200000)
  eden space 262400K, 63% used [0x98cc0000,0xa2f52318,0xa8d00000)
  from space 43520K, 0% used [0xa8d00000,0xa8d00000,0xab780000)
  to   space 43520K, 0% used [0xab780000,0xab780000,0xae200000)
 ParOldGen       total 699136K, used 19061K [0x6e200000, 0x98cc0000, 0x98cc0000)
  object space 699136K, 2% used [0x6e200000,0x6f49d688,0x98cc0000)
 Metaspace       used 26390K, capacity 26618K, committed 26752K, reserved 26928K
Event: 19,209 GC heap after
Heap after GC invocations=3 (full 1):
 PSYoungGen      total 305920K, used 17466K [0x98cc0000, 0xae200000, 0xae200000)
  eden space 262400K, 0% used [0x98cc0000,0x98cc0000,0xa8d00000)
  from space 43520K, 40% used [0xab780000,0xac88eab8,0xae200000)
  to   space 43520K, 0% used [0xa8d00000,0xa8d00000,0xab780000)
 ParOldGen       total 699136K, used 19061K [0x6e200000, 0x98cc0000, 0x98cc0000)
  object space 699136K, 2% used [0x6e200000,0x6f49d688,0x98cc0000)
 Metaspace       used 26390K, capacity 26618K, committed 26752K, reserved 26928K
}
Event: 19,210 GC heap before
{Heap before GC invocations=4 (full 2):
 PSYoungGen      total 305920K, used 17466K [0x98cc0000, 0xae200000, 0xae200000)
  eden space 262400K, 0% used [0x98cc0000,0x98cc0000,0xa8d00000)
  from space 43520K, 40% used [0xab780000,0xac88eab8,0xae200000)
  to   space 43520K, 0% used [0xa8d00000,0xa8d00000,0xab780000)
 ParOldGen       total 699136K, used 19061K [0x6e200000, 0x98cc0000, 0x98cc0000)
  object space 699136K, 2% used [0x6e200000,0x6f49d688,0x98cc0000)
 Metaspace       used 26390K, capacity 26618K, committed 26752K, reserved 26928K
Event: 19,571 GC heap after
Heap after GC invocations=4 (full 2):
 PSYoungGen      total 305920K, used 0K [0x98cc0000, 0xae200000, 0xae200000)
  eden space 262400K, 0% used [0x98cc0000,0x98cc0000,0xa8d00000)
  from space 43520K, 0% used [0xab780000,0xab780000,0xae200000)
  to   space 43520K, 0% used [0xa8d00000,0xa8d00000,0xab780000)
 ParOldGen       total 699136K, used 20319K [0x6e200000, 0x98cc0000, 0x98cc0000)
  object space 699136K, 2% used [0x6e200000,0x6f5d7e20,0x98cc0000)
 Metaspace       used 26389K, capacity 26616K, committed 26752K, reserved 26928K
}
Event: 19,608 GC heap before
{Heap before GC invocations=5 (full 2):
 PSYoungGen      total 305920K, used 4361K [0x98cc0000, 0xae200000, 0xae200000)
  eden space 262400K, 1% used [0x98cc0000,0x99102430,0xa8d00000)
  from space 43520K, 0% used [0xab780000,0xab780000,0xae200000)
  to   space 43520K, 0% used [0xa8d00000,0xa8d00000,0xab780000)
 ParOldGen       total 699136K, used 20319K [0x6e200000, 0x98cc0000, 0x98cc0000)
  object space 699136K, 2% used [0x6e200000,0x6f5d7e20,0x98cc0000)
 Metaspace       used 26392K, capacity 26616K, committed 26752K, reserved 26928K
Event: 19,613 GC heap after
Heap after GC invocations=5 (full 2):
 PSYoungGen      total 305920K, used 16K [0x98cc0000, 0xae200000, 0xae200000)
  eden space 262400K, 0% used [0x98cc0000,0x98cc0000,0xa8d00000)
  from space 43520K, 0% used [0xa8d00000,0xa8d04000,0xab780000)
  to   space 43520K, 0% used [0xab780000,0xab780000,0xae200000)
 ParOldGen       total 699136K, used 20319K [0x6e200000, 0x98cc0000, 0x98cc0000)
  object space 699136K, 2% used [0x6e200000,0x6f5d7e20,0x98cc0000)
 Metaspace       used 26392K, capacity 26616K, committed 26752K, reserved 26928K
}
Event: 19,613 GC heap before
{Heap before GC invocations=6 (full 3):
 PSYoungGen      total 305920K, used 16K [0x98cc0000, 0xae200000, 0xae200000)
  eden space 262400K, 0% used [0x98cc0000,0x98cc0000,0xa8d00000)
  from space 43520K, 0% used [0xa8d00000,0xa8d04000,0xab780000)
  to   space 43520K, 0% used [0xab780000,0xab780000,0xae200000)
 ParOldGen       total 699136K, used 20319K [0x6e200000, 0x98cc0000, 0x98cc0000)
  object space 699136K, 2% used [0x6e200000,0x6f5d7e20,0x98cc0000)
 Metaspace       used 26392K, capacity 26616K, committed 26752K, reserved 26928K
Event: 19,847 GC heap after
Heap after GC invocations=6 (full 3):
 PSYoungGen      total 305920K, used 0K [0x98cc0000, 0xae200000, 0xae200000)
  eden space 262400K, 0% used [0x98cc0000,0x98cc0000,0xa8d00000)
  from space 43520K, 0% used [0xa8d00000,0xa8d00000,0xab780000)
  to   space 43520K, 0% used [0xab780000,0xab780000,0xae200000)
 ParOldGen       total 699136K, used 8732K [0x6e200000, 0x98cc0000, 0x98cc0000)
  object space 699136K, 1% used [0x6e200000,0x6ea872d0,0x98cc0000)
 Metaspace       used 26392K, capacity 26616K, committed 26752K, reserved 26928K
}

