# JRE version: Java(TM) SE Runtime Environment (8.0_60-b27) (build 1.8.0_60-b27)
# Java VM: Java HotSpot(TM) Server VM (25.60-b23 mixed mode linux-x86 )
Heap:
 PSYoungGen      total 305920K, used 19523K [0x98cc0000, 0xae200000, 0xae200000)
  eden space 262400K, 7% used [0x98cc0000,0x99fd0d90,0xa8d00000)
  from space 43520K, 0% used [0xa8d00000,0xa8d00000,0xab780000)
  to   space 43520K, 0% used [0xab780000,0xab780000,0xae200000)
 ParOldGen       total 699136K, used 29870K [0x6e200000, 0x98cc0000, 0x98cc0000)
  object space 699136K, 4% used [0x6e200000,0x6ff2bbc0,0x98cc0000)
 Metaspace       used 44208K, capacity 44544K, committed 44588K, reserved 45360K
GC Heap History (10 events):
Event: 20,728 GC heap before
{Heap before GC invocations=5 (full 2):
 PSYoungGen      total 305920K, used 4420K [0x98cc0000, 0xae200000, 0xae200000)
  eden space 262400K, 1% used [0x98cc0000,0x991112a0,0xa8d00000)
  from space 43520K, 0% used [0xab780000,0xab780000,0xae200000)
  to   space 43520K, 0% used [0xa8d00000,0xa8d00000,0xab780000)
 ParOldGen       total 699136K, used 20289K [0x6e200000, 0x98cc0000, 0x98cc0000)
  object space 699136K, 2% used [0x6e200000,0x6f5d06b0,0x98cc0000)
 Metaspace       used 26396K, capacity 26640K, committed 26752K, reserved 26928K
Event: 20,733 GC heap after
Heap after GC invocations=5 (full 2):
 PSYoungGen      total 305920K, used 16K [0x98cc0000, 0xae200000, 0xae200000)
  eden space 262400K, 0% used [0x98cc0000,0x98cc0000,0xa8d00000)
  from space 43520K, 0% used [0xa8d00000,0xa8d04000,0xab780000)
  to   space 43520K, 0% used [0xab780000,0xab780000,0xae200000)
 ParOldGen       total 699136K, used 20289K [0x6e200000, 0x98cc0000, 0x98cc0000)
  object space 699136K, 2% used [0x6e200000,0x6f5d06b0,0x98cc0000)
 Metaspace       used 26396K, capacity 26640K, committed 26752K, reserved 26928K
}
Event: 20,733 GC heap before
{Heap before GC invocations=6 (full 3):
 PSYoungGen      total 305920K, used 16K [0x98cc0000, 0xae200000, 0xae200000)
  eden space 262400K, 0% used [0x98cc0000,0x98cc0000,0xa8d00000)
  from space 43520K, 0% used [0xa8d00000,0xa8d04000,0xab780000)
  to   space 43520K, 0% used [0xab780000,0xab780000,0xae200000)
 ParOldGen       total 699136K, used 20289K [0x6e200000, 0x98cc0000, 0x98cc0000)
  object space 699136K, 2% used [0x6e200000,0x6f5d06b0,0x98cc0000)
 Metaspace       used 26396K, capacity 26640K, committed 26752K, reserved 26928K
Event: 21,038 GC heap after
Heap after GC invocations=6 (full 3):
 PSYoungGen      total 305920K, used 0K [0x98cc0000, 0xae200000, 0xae200000)
  eden space 262400K, 0% used [0x98cc0000,0x98cc0000,0xa8d00000)
  from space 43520K, 0% used [0xa8d00000,0xa8d00000,0xab780000)
  to   space 43520K, 0% used [0xab780000,0xab780000,0xae200000)
 ParOldGen       total 699136K, used 8731K [0x6e200000, 0x98cc0000, 0x98cc0000)
  object space 699136K, 1% used [0x6e200000,0x6ea86f18,0x98cc0000)
 Metaspace       used 26396K, capacity 26640K, committed 26752K, reserved 26928K
}
Event: 39,233 GC heap before
{Heap before GC invocations=7 (full 3):
 PSYoungGen      total 305920K, used 262400K [0x98cc0000, 0xae200000, 0xae200000)
  eden space 262400K, 100% used [0x98cc0000,0xa8d00000,0xa8d00000)
  from space 43520K, 0% used [0xa8d00000,0xa8d00000,0xab780000)
  to   space 43520K, 0% used [0xab780000,0xab780000,0xae200000)
 ParOldGen       total 699136K, used 8795K [0x6e200000, 0x98cc0000, 0x98cc0000)
  object space 699136K, 1% used [0x6e200000,0x6ea96f48,0x98cc0000)
 Metaspace       used 35958K, capacity 36293K, committed 36352K, reserved 37168K
Event: 39,456 GC heap after
Heap after GC invocations=7 (full 3):
 PSYoungGen      total 305920K, used 22724K [0x98cc0000, 0xae200000, 0xae200000)
  eden space 262400K, 0% used [0x98cc0000,0x98cc0000,0xa8d00000)
  from space 43520K, 52% used [0xab780000,0xacdb1158,0xae200000)
  to   space 43520K, 0% used [0xa8d00000,0xa8d00000,0xab780000)
 ParOldGen       total 699136K, used 8863K [0x6e200000, 0x98cc0000, 0x98cc0000)
  object space 699136K, 1% used [0x6e200000,0x6eaa7f58,0x98cc0000)
 Metaspace       used 35958K, capacity 36293K, committed 36352K, reserved 37168K
}
Event: 45,394 GC heap before
{Heap before GC invocations=8 (full 3):
 PSYoungGen      total 305920K, used 100611K [0x98cc0000, 0xae200000, 0xae200000)
  eden space 262400K, 29% used [0x98cc0000,0x9d8cfc60,0xa8d00000)
  from space 43520K, 52% used [0xab780000,0xacdb1158,0xae200000)
  to   space 43520K, 0% used [0xa8d00000,0xa8d00000,0xab780000)
 ParOldGen       total 699136K, used 8863K [0x6e200000, 0x98cc0000, 0x98cc0000)
  object space 699136K, 1% used [0x6e200000,0x6eaa7f58,0x98cc0000)
 Metaspace       used 44203K, capacity 44544K, committed 44588K, reserved 45360K
Event: 45,645 GC heap after
Heap after GC invocations=8 (full 3):
 PSYoungGen      total 305920K, used 23034K [0x98cc0000, 0xae200000, 0xae200000)
  eden space 262400K, 0% used [0x98cc0000,0x98cc0000,0xa8d00000)
  from space 43520K, 52% used [0xa8d00000,0xaa37e9a8,0xab780000)
  to   space 43520K, 0% used [0xab780000,0xab780000,0xae200000)
 ParOldGen       total 699136K, used 8867K [0x6e200000, 0x98cc0000, 0x98cc0000)
  object space 699136K, 1% used [0x6e200000,0x6eaa8f58,0x98cc0000)
 Metaspace       used 44203K, capacity 44544K, committed 44588K, reserved 45360K
}
Event: 45,645 GC heap before
{Heap before GC invocations=9 (full 4):
 PSYoungGen      total 305920K, used 23034K [0x98cc0000, 0xae200000, 0xae200000)
  eden space 262400K, 0% used [0x98cc0000,0x98cc0000,0xa8d00000)
  from space 43520K, 52% used [0xa8d00000,0xaa37e9a8,0xab780000)
  to   space 43520K, 0% used [0xab780000,0xab780000,0xae200000)
 ParOldGen       total 699136K, used 8867K [0x6e200000, 0x98cc0000, 0x98cc0000)
  object space 699136K, 1% used [0x6e200000,0x6eaa8f58,0x98cc0000)
 Metaspace       used 44203K, capacity 44544K, committed 44588K, reserved 45360K
Event: 46,337 GC heap after
Heap after GC invocations=9 (full 4):
 PSYoungGen      total 305920K, used 0K [0x98cc0000, 0xae200000, 0xae200000)
  eden space 262400K, 0% used [0x98cc0000,0x98cc0000,0xa8d00000)
  from space 43520K, 0% used [0xa8d00000,0xa8d00000,0xab780000)
  to   space 43520K, 0% used [0xab780000,0xab780000,0xae200000)
 ParOldGen       total 699136K, used 29870K [0x6e200000, 0x98cc0000, 0x98cc0000)
  object space 699136K, 4% used [0x6e200000,0x6ff2bbc0,0x98cc0000)
 Metaspace       used 44203K, capacity 44544K, committed 44588K, reserved 45360K
}

