# JRE version: Java(TM) SE Runtime Environment (8.0_60-b27) (build 1.8.0_60-b27)
# Java VM: Java HotSpot(TM) Server VM (25.60-b23 mixed mode linux-x86 )
Heap:
 PSYoungGen      total 326400K, used 216325K [0x98cc0000, 0xae200000, 0xae200000)
  eden space 302080K, 70% used [0x98cc0000,0xa5c4b830,0xab3c0000)
  from space 24320K, 15% used [0xaca40000,0xacdf5d18,0xae200000)
  to   space 23040K, 0% used [0xab3c0000,0xab3c0000,0xaca40000)
 ParOldGen       total 699136K, used 25315K [0x6e200000, 0x98cc0000, 0x98cc0000)
  object space 699136K, 3% used [0x6e200000,0x6fab8f78,0x98cc0000)
 Metaspace       used 47497K, capacity 47845K, committed 47872K, reserved 48432K
GC Heap History (10 events):
Event: 56,668 GC heap before
{Heap before GC invocations=18 (full 4):
 PSYoungGen      total 318720K, used 292403K [0x98cc0000, 0xae200000, 0xae200000)
  eden space 288768K, 100% used [0x98cc0000,0xaa6c0000,0xaa6c0000)
  from space 29952K, 12% used [0xaa6c0000,0xaaa4ce00,0xac400000)
  to   space 28672K, 0% used [0xac600000,0xac600000,0xae200000)
 ParOldGen       total 699136K, used 25295K [0x6e200000, 0x98cc0000, 0x98cc0000)
  object space 699136K, 3% used [0x6e200000,0x6fab3f78,0x98cc0000)
 Metaspace       used 47155K, capacity 47497K, committed 47616K, reserved 48432K
Event: 56,702 GC heap after
Heap after GC invocations=18 (full 4):
 PSYoungGen      total 321792K, used 3619K [0x98cc0000, 0xae200000, 0xae200000)
  eden space 293120K, 0% used [0x98cc0000,0x98cc0000,0xaab00000)
  from space 28672K, 12% used [0xac600000,0xac988c88,0xae200000)
  to   space 27648K, 0% used [0xaab00000,0xaab00000,0xac600000)
 ParOldGen       total 699136K, used 25299K [0x6e200000, 0x98cc0000, 0x98cc0000)
  object space 699136K, 3% used [0x6e200000,0x6fab4f78,0x98cc0000)
 Metaspace       used 47155K, capacity 47497K, committed 47616K, reserved 48432K
}
Event: 59,784 GC heap before
{Heap before GC invocations=19 (full 4):
 PSYoungGen      total 321792K, used 296739K [0x98cc0000, 0xae200000, 0xae200000)
  eden space 293120K, 100% used [0x98cc0000,0xaab00000,0xaab00000)
  from space 28672K, 12% used [0xac600000,0xac988c88,0xae200000)
  to   space 27648K, 0% used [0xaab00000,0xaab00000,0xac600000)
 ParOldGen       total 699136K, used 25299K [0x6e200000, 0x98cc0000, 0x98cc0000)
  object space 699136K, 3% used [0x6e200000,0x6fab4f78,0x98cc0000)
 Metaspace       used 47223K, capacity 47549K, committed 47616K, reserved 48432K
Event: 59,828 GC heap after
Heap after GC invocations=19 (full 4):
 PSYoungGen      total 320768K, used 3693K [0x98cc0000, 0xae200000, 0xae200000)
  eden space 293120K, 0% used [0x98cc0000,0x98cc0000,0xaab00000)
  from space 27648K, 13% used [0xaab00000,0xaae9b6d0,0xac600000)
  to   space 26624K, 0% used [0xac800000,0xac800000,0xae200000)
 ParOldGen       total 699136K, used 25303K [0x6e200000, 0x98cc0000, 0x98cc0000)
  object space 699136K, 3% used [0x6e200000,0x6fab5f78,0x98cc0000)
 Metaspace       used 47223K, capacity 47549K, committed 47616K, reserved 48432K
}
Event: 63,394 GC heap before
{Heap before GC invocations=20 (full 4):
 PSYoungGen      total 320768K, used 296813K [0x98cc0000, 0xae200000, 0xae200000)
  eden space 293120K, 100% used [0x98cc0000,0xaab00000,0xaab00000)
  from space 27648K, 13% used [0xaab00000,0xaae9b6d0,0xac600000)
  to   space 26624K, 0% used [0xac800000,0xac800000,0xae200000)
 ParOldGen       total 699136K, used 25303K [0x6e200000, 0x98cc0000, 0x98cc0000)
  object space 699136K, 3% used [0x6e200000,0x6fab5f78,0x98cc0000)
 Metaspace       used 47252K, capacity 47581K, committed 47616K, reserved 48432K
Event: 63,441 GC heap after
Heap after GC invocations=20 (full 4):
 PSYoungGen      total 324096K, used 3670K [0x98cc0000, 0xae200000, 0xae200000)
  eden space 297472K, 0% used [0x98cc0000,0x98cc0000,0xaaf40000)
  from space 26624K, 13% used [0xac800000,0xacb959c0,0xae200000)
  to   space 25344K, 0% used [0xaaf40000,0xaaf40000,0xac800000)
 ParOldGen       total 699136K, used 25307K [0x6e200000, 0x98cc0000, 0x98cc0000)
  object space 699136K, 3% used [0x6e200000,0x6fab6f78,0x98cc0000)
 Metaspace       used 47252K, capacity 47581K, committed 47616K, reserved 48432K
}
Event: 67,151 GC heap before
{Heap before GC invocations=21 (full 4):
 PSYoungGen      total 324096K, used 301142K [0x98cc0000, 0xae200000, 0xae200000)
  eden space 297472K, 100% used [0x98cc0000,0xaaf40000,0xaaf40000)
  from space 26624K, 13% used [0xac800000,0xacb959c0,0xae200000)
  to   space 25344K, 0% used [0xaaf40000,0xaaf40000,0xac800000)
 ParOldGen       total 699136K, used 25307K [0x6e200000, 0x98cc0000, 0x98cc0000)
  object space 699136K, 3% used [0x6e200000,0x6fab6f78,0x98cc0000)
 Metaspace       used 47367K, capacity 47717K, committed 47744K, reserved 48432K
Event: 67,182 GC heap after
Heap after GC invocations=21 (full 4):
 PSYoungGen      total 322816K, used 3924K [0x98cc0000, 0xae200000, 0xae200000)
  eden space 297472K, 0% used [0x98cc0000,0x98cc0000,0xaaf40000)
  from space 25344K, 15% used [0xaaf40000,0xab3152c0,0xac800000)
  to   space 24320K, 0% used [0xaca40000,0xaca40000,0xae200000)
 ParOldGen       total 699136K, used 25311K [0x6e200000, 0x98cc0000, 0x98cc0000)
  object space 699136K, 3% used [0x6e200000,0x6fab7f78,0x98cc0000)
 Metaspace       used 47367K, capacity 47717K, committed 47744K, reserved 48432K
}
Event: 71,238 GC heap before
{Heap before GC invocations=22 (full 4):
 PSYoungGen      total 322816K, used 301396K [0x98cc0000, 0xae200000, 0xae200000)
  eden space 297472K, 100% used [0x98cc0000,0xaaf40000,0xaaf40000)
  from space 25344K, 15% used [0xaaf40000,0xab3152c0,0xac800000)
  to   space 24320K, 0% used [0xaca40000,0xaca40000,0xae200000)
 ParOldGen       total 699136K, used 25311K [0x6e200000, 0x98cc0000, 0x98cc0000)
  object space 699136K, 3% used [0x6e200000,0x6fab7f78,0x98cc0000)
 Metaspace       used 47434K, capacity 47781K, committed 47872K, reserved 48432K
Event: 71,278 GC heap after
Heap after GC invocations=22 (full 4):
 PSYoungGen      total 326400K, used 3799K [0x98cc0000, 0xae200000, 0xae200000)
  eden space 302080K, 0% used [0x98cc0000,0x98cc0000,0xab3c0000)
  from space 24320K, 15% used [0xaca40000,0xacdf5d18,0xae200000)
  to   space 23040K, 0% used [0xab3c0000,0xab3c0000,0xaca40000)
 ParOldGen       total 699136K, used 25315K [0x6e200000, 0x98cc0000, 0x98cc0000)
  object space 699136K, 3% used [0x6e200000,0x6fab8f78,0x98cc0000)
 Metaspace       used 47434K, capacity 47781K, committed 47872K, reserved 48432K
}

