# JRE version: Java(TM) SE Runtime Environment (8.0_60-b27) (build 1.8.0_60-b27)
# Java VM: Java HotSpot(TM) Server VM (25.60-b23 mixed mode linux-x86 )
Heap:
 PSYoungGen      total 305920K, used 218964K [0x98cc0000, 0xae200000, 0xae200000)
  eden space 262400K, 80% used [0x98cc0000,0xa5b996b0,0xa8d00000)
  from space 43520K, 16% used [0xab780000,0xabe7bc60,0xae200000)
  to   space 43520K, 0% used [0xa8d00000,0xa8d00000,0xab780000)
 ParOldGen       total 699136K, used 29496K [0x6e200000, 0x98cc0000, 0x98cc0000)
  object space 699136K, 4% used [0x6e200000,0x6fece048,0x98cc0000)
 Metaspace       used 47365K, capacity 47653K, committed 47744K, reserved 48432K
GC Heap History (10 events):
Event: 16,483 GC heap before
{Heap before GC invocations=6 (full 3):
 PSYoungGen      total 305920K, used 32K [0x98cc0000, 0xae200000, 0xae200000)
  eden space 262400K, 0% used [0x98cc0000,0x98cc0000,0xa8d00000)
  from space 43520K, 0% used [0xa8d00000,0xa8d08000,0xab780000)
  to   space 43520K, 0% used [0xab780000,0xab780000,0xae200000)
 ParOldGen       total 699136K, used 20324K [0x6e200000, 0x98cc0000, 0x98cc0000)
  object space 699136K, 2% used [0x6e200000,0x6f5d9010,0x98cc0000)
 Metaspace       used 26390K, capacity 26616K, committed 26752K, reserved 26928K
Event: 16,825 GC heap after
Heap after GC invocations=6 (full 3):
 PSYoungGen      total 305920K, used 0K [0x98cc0000, 0xae200000, 0xae200000)
  eden space 262400K, 0% used [0x98cc0000,0x98cc0000,0xa8d00000)
  from space 43520K, 0% used [0xa8d00000,0xa8d00000,0xab780000)
  to   space 43520K, 0% used [0xab780000,0xab780000,0xae200000)
 ParOldGen       total 699136K, used 8736K [0x6e200000, 0x98cc0000, 0x98cc0000)
  object space 699136K, 1% used [0x6e200000,0x6ea88308,0x98cc0000)
 Metaspace       used 26390K, capacity 26616K, committed 26752K, reserved 26928K
}
Event: 35,851 GC heap before
{Heap before GC invocations=7 (full 3):
 PSYoungGen      total 305920K, used 262400K [0x98cc0000, 0xae200000, 0xae200000)
  eden space 262400K, 100% used [0x98cc0000,0xa8d00000,0xa8d00000)
  from space 43520K, 0% used [0xa8d00000,0xa8d00000,0xab780000)
  to   space 43520K, 0% used [0xab780000,0xab780000,0xae200000)
 ParOldGen       total 699136K, used 8736K [0x6e200000, 0x98cc0000, 0x98cc0000)
  object space 699136K, 1% used [0x6e200000,0x6ea88308,0x98cc0000)
 Metaspace       used 37051K, capacity 37325K, committed 37376K, reserved 38192K
Event: 35,994 GC heap after
Heap after GC invocations=7 (full 3):
 PSYoungGen      total 305920K, used 23895K [0x98cc0000, 0xae200000, 0xae200000)
  eden space 262400K, 0% used [0x98cc0000,0x98cc0000,0xa8d00000)
  from space 43520K, 54% used [0xab780000,0xaced5f88,0xae200000)
  to   space 43520K, 0% used [0xa8d00000,0xa8d00000,0xab780000)
 ParOldGen       total 699136K, used 8804K [0x6e200000, 0x98cc0000, 0x98cc0000)
  object space 699136K, 1% used [0x6e200000,0x6ea99318,0x98cc0000)
 Metaspace       used 37051K, capacity 37325K, committed 37376K, reserved 38192K
}
Event: 38,981 GC heap before
{Heap before GC invocations=8 (full 3):
 PSYoungGen      total 305920K, used 96665K [0x98cc0000, 0xae200000, 0xae200000)
  eden space 262400K, 27% used [0x98cc0000,0x9d3d0528,0xa8d00000)
  from space 43520K, 54% used [0xab780000,0xaced5f88,0xae200000)
  to   space 43520K, 0% used [0xa8d00000,0xa8d00000,0xab780000)
 ParOldGen       total 699136K, used 8804K [0x6e200000, 0x98cc0000, 0x98cc0000)
  object space 699136K, 1% used [0x6e200000,0x6ea99318,0x98cc0000)
 Metaspace       used 44281K, capacity 44552K, committed 44588K, reserved 45360K
Event: 39,087 GC heap after
Heap after GC invocations=8 (full 3):
 PSYoungGen      total 305920K, used 22745K [0x98cc0000, 0xae200000, 0xae200000)
  eden space 262400K, 0% used [0x98cc0000,0x98cc0000,0xa8d00000)
  from space 43520K, 52% used [0xa8d00000,0xaa336520,0xab780000)
  to   space 43520K, 0% used [0xab780000,0xab780000,0xae200000)
 ParOldGen       total 699136K, used 8808K [0x6e200000, 0x98cc0000, 0x98cc0000)
  object space 699136K, 1% used [0x6e200000,0x6ea9a318,0x98cc0000)
 Metaspace       used 44281K, capacity 44552K, committed 44588K, reserved 45360K
}
Event: 39,087 GC heap before
{Heap before GC invocations=9 (full 4):
 PSYoungGen      total 305920K, used 22745K [0x98cc0000, 0xae200000, 0xae200000)
  eden space 262400K, 0% used [0x98cc0000,0x98cc0000,0xa8d00000)
  from space 43520K, 52% used [0xa8d00000,0xaa336520,0xab780000)
  to   space 43520K, 0% used [0xab780000,0xab780000,0xae200000)
 ParOldGen       total 699136K, used 8808K [0x6e200000, 0x98cc0000, 0x98cc0000)
  object space 699136K, 1% used [0x6e200000,0x6ea9a318,0x98cc0000)
 Metaspace       used 44281K, capacity 44552K, committed 44588K, reserved 45360K
Event: 39,486 GC heap after
Heap after GC invocations=9 (full 4):
 PSYoungGen      total 305920K, used 0K [0x98cc0000, 0xae200000, 0xae200000)
  eden space 262400K, 0% used [0x98cc0000,0x98cc0000,0xa8d00000)
  from space 43520K, 0% used [0xa8d00000,0xa8d00000,0xab780000)
  to   space 43520K, 0% used [0xab780000,0xab780000,0xae200000)
 ParOldGen       total 699136K, used 29492K [0x6e200000, 0x98cc0000, 0x98cc0000)
  object space 699136K, 4% used [0x6e200000,0x6fecd048,0x98cc0000)
 Metaspace       used 44281K, capacity 44552K, committed 44588K, reserved 45360K
}
Event: 48,526 GC heap before
{Heap before GC invocations=10 (full 4):
 PSYoungGen      total 305920K, used 262400K [0x98cc0000, 0xae200000, 0xae200000)
  eden space 262400K, 100% used [0x98cc0000,0xa8d00000,0xa8d00000)
  from space 43520K, 0% used [0xa8d00000,0xa8d00000,0xab780000)
  to   space 43520K, 0% used [0xab780000,0xab780000,0xae200000)
 ParOldGen       total 699136K, used 29492K [0x6e200000, 0x98cc0000, 0x98cc0000)
  object space 699136K, 4% used [0x6e200000,0x6fecd048,0x98cc0000)
 Metaspace       used 47306K, capacity 47621K, committed 47744K, reserved 48432K
Event: 48,596 GC heap after
Heap after GC invocations=10 (full 4):
 PSYoungGen      total 305920K, used 7151K [0x98cc0000, 0xae200000, 0xae200000)
  eden space 262400K, 0% used [0x98cc0000,0x98cc0000,0xa8d00000)
  from space 43520K, 16% used [0xab780000,0xabe7bc60,0xae200000)
  to   space 43520K, 0% used [0xa8d00000,0xa8d00000,0xab780000)
 ParOldGen       total 699136K, used 29496K [0x6e200000, 0x98cc0000, 0x98cc0000)
  object space 699136K, 4% used [0x6e200000,0x6fece048,0x98cc0000)
 Metaspace       used 47306K, capacity 47621K, committed 47744K, reserved 48432K
}

