# JRE version: Java(TM) SE Runtime Environment (8.0_60-b27) (build 1.8.0_60-b27)
# Java VM: Java HotSpot(TM) Server VM (25.60-b23 mixed mode linux-x86 )
Heap:
 PSYoungGen      total 305920K, used 156048K [0x98cc0000, 0xae200000, 0xae200000)
  eden space 262400K, 59% used [0x98cc0000,0xa2524368,0xa8d00000)
  from space 43520K, 0% used [0xa8d00000,0xa8d00000,0xab780000)
  to   space 43520K, 0% used [0xab780000,0xab780000,0xae200000)
 ParOldGen       total 699136K, used 29855K [0x6e200000, 0x98cc0000, 0x98cc0000)
  object space 699136K, 4% used [0x6e200000,0x6ff27c60,0x98cc0000)
 Metaspace       used 47217K, capacity 47552K, committed 47616K, reserved 48432K
GC Heap History (10 events):
Event: 21,257 GC heap before
{Heap before GC invocations=5 (full 2):
 PSYoungGen      total 305920K, used 4392K [0x98cc0000, 0xae200000, 0xae200000)
  eden space 262400K, 1% used [0x98cc0000,0x9910a258,0xa8d00000)
  from space 43520K, 0% used [0xab780000,0xab780000,0xae200000)
  to   space 43520K, 0% used [0xa8d00000,0xa8d00000,0xab780000)
 ParOldGen       total 699136K, used 20322K [0x6e200000, 0x98cc0000, 0x98cc0000)
  object space 699136K, 2% used [0x6e200000,0x6f5d88f0,0x98cc0000)
 Metaspace       used 26398K, capacity 26648K, committed 26752K, reserved 26928K
Event: 21,269 GC heap after
Heap after GC invocations=5 (full 2):
 PSYoungGen      total 305920K, used 16K [0x98cc0000, 0xae200000, 0xae200000)
  eden space 262400K, 0% used [0x98cc0000,0x98cc0000,0xa8d00000)
  from space 43520K, 0% used [0xa8d00000,0xa8d04000,0xab780000)
  to   space 43520K, 0% used [0xab780000,0xab780000,0xae200000)
 ParOldGen       total 699136K, used 20322K [0x6e200000, 0x98cc0000, 0x98cc0000)
  object space 699136K, 2% used [0x6e200000,0x6f5d88f0,0x98cc0000)
 Metaspace       used 26398K, capacity 26648K, committed 26752K, reserved 26928K
}
Event: 21,269 GC heap before
{Heap before GC invocations=6 (full 3):
 PSYoungGen      total 305920K, used 16K [0x98cc0000, 0xae200000, 0xae200000)
  eden space 262400K, 0% used [0x98cc0000,0x98cc0000,0xa8d00000)
  from space 43520K, 0% used [0xa8d00000,0xa8d04000,0xab780000)
  to   space 43520K, 0% used [0xab780000,0xab780000,0xae200000)
 ParOldGen       total 699136K, used 20322K [0x6e200000, 0x98cc0000, 0x98cc0000)
  object space 699136K, 2% used [0x6e200000,0x6f5d88f0,0x98cc0000)
 Metaspace       used 26398K, capacity 26648K, committed 26752K, reserved 26928K
Event: 21,552 GC heap after
Heap after GC invocations=6 (full 3):
 PSYoungGen      total 305920K, used 0K [0x98cc0000, 0xae200000, 0xae200000)
  eden space 262400K, 0% used [0x98cc0000,0x98cc0000,0xa8d00000)
  from space 43520K, 0% used [0xa8d00000,0xa8d00000,0xab780000)
  to   space 43520K, 0% used [0xab780000,0xab780000,0xae200000)
 ParOldGen       total 699136K, used 10898K [0x6e200000, 0x98cc0000, 0x98cc0000)
  object space 699136K, 1% used [0x6e200000,0x6eca4af0,0x98cc0000)
 Metaspace       used 26398K, capacity 26648K, committed 26752K, reserved 26928K
}
Event: 36,498 GC heap before
{Heap before GC invocations=7 (full 3):
 PSYoungGen      total 305920K, used 262400K [0x98cc0000, 0xae200000, 0xae200000)
  eden space 262400K, 100% used [0x98cc0000,0xa8d00000,0xa8d00000)
  from space 43520K, 0% used [0xa8d00000,0xa8d00000,0xab780000)
  to   space 43520K, 0% used [0xab780000,0xab780000,0xae200000)
 ParOldGen       total 699136K, used 10898K [0x6e200000, 0x98cc0000, 0x98cc0000)
  object space 699136K, 1% used [0x6e200000,0x6eca4af0,0x98cc0000)
 Metaspace       used 36817K, capacity 37165K, committed 37248K, reserved 38192K
Event: 36,645 GC heap after
Heap after GC invocations=7 (full 3):
 PSYoungGen      total 305920K, used 23358K [0x98cc0000, 0xae200000, 0xae200000)
  eden space 262400K, 0% used [0x98cc0000,0x98cc0000,0xa8d00000)
  from space 43520K, 53% used [0xab780000,0xace4f8c8,0xae200000)
  to   space 43520K, 0% used [0xa8d00000,0xa8d00000,0xab780000)
 ParOldGen       total 699136K, used 10966K [0x6e200000, 0x98cc0000, 0x98cc0000)
  object space 699136K, 1% used [0x6e200000,0x6ecb5b00,0x98cc0000)
 Metaspace       used 36817K, capacity 37165K, committed 37248K, reserved 38192K
}
Event: 39,815 GC heap before
{Heap before GC invocations=8 (full 3):
 PSYoungGen      total 305920K, used 93872K [0x98cc0000, 0xae200000, 0xae200000)
  eden space 262400K, 26% used [0x98cc0000,0x9d19cac0,0xa8d00000)
  from space 43520K, 53% used [0xab780000,0xace4f8c8,0xae200000)
  to   space 43520K, 0% used [0xa8d00000,0xa8d00000,0xab780000)
 ParOldGen       total 699136K, used 10966K [0x6e200000, 0x98cc0000, 0x98cc0000)
  object space 699136K, 1% used [0x6e200000,0x6ecb5b00,0x98cc0000)
 Metaspace       used 44226K, capacity 44523K, committed 44588K, reserved 45360K
Event: 39,930 GC heap after
Heap after GC invocations=8 (full 3):
 PSYoungGen      total 305920K, used 22965K [0x98cc0000, 0xae200000, 0xae200000)
  eden space 262400K, 0% used [0x98cc0000,0x98cc0000,0xa8d00000)
  from space 43520K, 52% used [0xa8d00000,0xaa36d7e8,0xab780000)
  to   space 43520K, 0% used [0xab780000,0xab780000,0xae200000)
 ParOldGen       total 699136K, used 10970K [0x6e200000, 0x98cc0000, 0x98cc0000)
  object space 699136K, 1% used [0x6e200000,0x6ecb6b00,0x98cc0000)
 Metaspace       used 44226K, capacity 44523K, committed 44588K, reserved 45360K
}
Event: 39,931 GC heap before
{Heap before GC invocations=9 (full 4):
 PSYoungGen      total 305920K, used 22965K [0x98cc0000, 0xae200000, 0xae200000)
  eden space 262400K, 0% used [0x98cc0000,0x98cc0000,0xa8d00000)
  from space 43520K, 52% used [0xa8d00000,0xaa36d7e8,0xab780000)
  to   space 43520K, 0% used [0xab780000,0xab780000,0xae200000)
 ParOldGen       total 699136K, used 10970K [0x6e200000, 0x98cc0000, 0x98cc0000)
  object space 699136K, 1% used [0x6e200000,0x6ecb6b00,0x98cc0000)
 Metaspace       used 44226K, capacity 44523K, committed 44588K, reserved 45360K
Event: 40,373 GC heap after
Heap after GC invocations=9 (full 4):
 PSYoungGen      total 305920K, used 0K [0x98cc0000, 0xae200000, 0xae200000)
  eden space 262400K, 0% used [0x98cc0000,0x98cc0000,0xa8d00000)
  from space 43520K, 0% used [0xa8d00000,0xa8d00000,0xab780000)
  to   space 43520K, 0% used [0xab780000,0xab780000,0xae200000)
 ParOldGen       total 699136K, used 29855K [0x6e200000, 0x98cc0000, 0x98cc0000)
  object space 699136K, 4% used [0x6e200000,0x6ff27c60,0x98cc0000)
 Metaspace       used 44226K, capacity 44523K, committed 44588K, reserved 45360K
}

